<?xml version="1.0" encoding="UTF-8"?>
<testsuite name="kr.tinycareer.tinyserver.repository.MemoryMemberRepositoryTest" tests="3" skipped="0" failures="0" errors="0" timestamp="2024-06-16T03:06:12" hostname="kd" time="0.036">
  <properties/>
  <testcase name="findAll()" classname="kr.tinycareer.tinyserver.repository.MemoryMemberRepositoryTest" time="0.032"/>
  <testcase name="findByName()" classname="kr.tinycareer.tinyserver.repository.MemoryMemberRepositoryTest" time="0.0"/>
  <testcase name="save()" classname="kr.tinycareer.tinyserver.repository.MemoryMemberRepositoryTest" time="0.001"/>
  <system-out><![CDATA[]]></system-out>
  <system-err><![CDATA[]]></system-err>
</testsuite>
