<?xml version="1.0" encoding="UTF-8"?>
<testsuite name="kr.tinycareer.tinyserver.TinyserverApplicationTests" tests="1" skipped="0" failures="0" errors="0" timestamp="2024-06-14T13:32:07" hostname="kd" time="0.42">
  <properties/>
  <testcase name="contextLoads()" classname="kr.tinycareer.tinyserver.TinyserverApplicationTests" time="0.42"/>
  <system-out><![CDATA[22:32:06.387 [Test worker] INFO org.springframework.test.context.support.AnnotationConfigContextLoaderUtils -- Could not detect default configuration classes for test class [kr.tinycareer.tinyserver.TinyserverApplicationTests]: TinyserverApplicationTests does not declare any static, non-private, non-final, nested classes annotated with @Configuration.
22:32:06.440 [Test worker] INFO org.springframework.boot.test.context.SpringBootTestContextBootstrapper -- Found @SpringBootConfiguration kr.tinycareer.tinyserver.TinyserverApplication for test class kr.tinycareer.tinyserver.TinyserverApplicationTests
  .   ____          _            __ _ _
 /\\ / ___'_ __ _ _(_)_ __  __ _ \ \ \ \
( ( )\___ | '_ | '_| | '_ \/ _` | \ \ \ \
 \\/  ___)| |_)| | | | | || (_| |  ) ) ) )
  '  |____| .__|_| |_|_| |_\__, | / / / /
 =========|_|==============|___/=/_/_/_/

 :: Spring Boot ::                (v3.3.0)

2024-06-14T22:32:06.651+09:00  INFO 43983 --- [tinyserver] [    Test worker] k.t.t.TinyserverApplicationTests         : Starting TinyserverApplicationTests using Java 21.0.3 with PID 43983 (started by kd in /home/kd/project/learn-spring-boot)
2024-06-14T22:32:06.652+09:00  INFO 43983 --- [tinyserver] [    Test worker] k.t.t.TinyserverApplicationTests         : No active profile set, falling back to 1 default profile: "default"
2024-06-14T22:32:07.082+09:00  INFO 43983 --- [tinyserver] [    Test worker] o.s.b.a.w.s.WelcomePageHandlerMapping    : Adding welcome page: class path resource [static/index.html]
2024-06-14T22:32:07.214+09:00  INFO 43983 --- [tinyserver] [    Test worker] k.t.t.TinyserverApplicationTests         : Started TinyserverApplicationTests in 0.7 seconds (process running for 1.249)
]]></system-out>
  <system-err><![CDATA[WARNING: A Java agent has been loaded dynamically (/home/kd/.gradle/caches/modules-2/files-2.1/net.bytebuddy/byte-buddy-agent/1.14.16/4a451ee6484abac3a498df0f3b33ed00a6fced4d/byte-buddy-agent-1.14.16.jar)
WARNING: If a serviceability tool is in use, please run with -XX:+EnableDynamicAgentLoading to hide this warning
WARNING: If a serviceability tool is not in use, please run with -Djdk.instrument.traceUsage for more information
WARNING: Dynamic loading of agents will be disallowed by default in a future release
]]></system-err>
</testsuite>
